c:\users\loopg\local project\windows management system\debug\vc142.pdb
c:\users\loopg\local project\windows management system\debug\vc142.idb
c:\users\loopg\local project\windows management system\debug\windowcomponent.nativecodeanalysis.sarif
c:\users\loopg\local project\windows management system\debug\windowcomponent.nativecodeanalysis.xml
c:\users\loopg\local project\windows management system\debug\buttoncomponent.nativecodeanalysis.sarif
c:\users\loopg\local project\windows management system\debug\buttoncomponent.nativecodeanalysis.xml
c:\users\loopg\local project\windows management system\debug\texturecomponent.nativecodeanalysis.sarif
c:\users\loopg\local project\windows management system\debug\texturecomponent.nativecodeanalysis.xml
c:\users\loopg\local project\windows management system\debug\textcomponent.nativecodeanalysis.sarif
c:\users\loopg\local project\windows management system\debug\textcomponent.nativecodeanalysis.xml
c:\users\loopg\local project\windows management system\debug\sidebarcomponent.nativecodeanalysis.sarif
c:\users\loopg\local project\windows management system\debug\sidebarcomponent.nativecodeanalysis.xml
c:\users\loopg\local project\windows management system\debug\roomwindowcomponent.nativecodeanalysis.sarif
c:\users\loopg\local project\windows management system\debug\roomwindowcomponent.nativecodeanalysis.xml
c:\users\loopg\local project\windows management system\debug\roombuttoncomponent.nativecodeanalysis.sarif
c:\users\loopg\local project\windows management system\debug\roombuttoncomponent.nativecodeanalysis.xml
c:\users\loopg\local project\windows management system\debug\programmanager.nativecodeanalysis.sarif
c:\users\loopg\local project\windows management system\debug\programmanager.nativecodeanalysis.xml
c:\users\loopg\local project\windows management system\debug\program.nativecodeanalysis.sarif
c:\users\loopg\local project\windows management system\debug\program.nativecodeanalysis.xml
c:\users\loopg\local project\windows management system\debug\main.nativecodeanalysis.sarif
c:\users\loopg\local project\windows management system\debug\main.nativecodeanalysis.xml
c:\users\loopg\local project\windows management system\debug\newroombuttoncomponent.nativecodeanalysis.sarif
c:\users\loopg\local project\windows management system\debug\newroombuttoncomponent.nativecodeanalysis.xml
c:\users\loopg\local project\windows management system\debug\mainwindowcomponent.nativecodeanalysis.sarif
c:\users\loopg\local project\windows management system\debug\mainwindowcomponent.nativecodeanalysis.xml
c:\users\loopg\local project\windows management system\debug\filesystem.nativecodeanalysis.sarif
c:\users\loopg\local project\windows management system\debug\filesystem.nativecodeanalysis.xml
c:\users\loopg\local project\windows management system\debug\filesystem.obj
c:\users\loopg\local project\windows management system\debug\mainwindowcomponent.obj
c:\users\loopg\local project\windows management system\debug\newroombuttoncomponent.obj
c:\users\loopg\local project\windows management system\debug\main.obj
c:\users\loopg\local project\windows management system\debug\program.obj
c:\users\loopg\local project\windows management system\debug\programmanager.obj
c:\users\loopg\local project\windows management system\debug\roombuttoncomponent.obj
c:\users\loopg\local project\windows management system\debug\roomwindowcomponent.obj
c:\users\loopg\local project\windows management system\debug\sidebarcomponent.obj
c:\users\loopg\local project\windows management system\debug\textcomponent.obj
c:\users\loopg\local project\windows management system\debug\texturecomponent.obj
c:\users\loopg\local project\windows management system\debug\buttoncomponent.obj
c:\users\loopg\local project\windows management system\debug\windowcomponent.obj
c:\users\loopg\local project\windows management system\debug\windows management system.ilk
c:\users\loopg\local project\windows management system\debug\windows management system.exe
c:\users\loopg\local project\windows management system\debug\windows management system.pdb
c:\users\loopg\local project\windows management system\debug\vc.nativecodeanalysis.all.xml
c:\users\loopg\local project\windows management system\debug\windows .a5872fa5.tlog\cl.command.1.tlog
c:\users\loopg\local project\windows management system\debug\windows .a5872fa5.tlog\cl.read.1.tlog
c:\users\loopg\local project\windows management system\debug\windows .a5872fa5.tlog\cl.write.1.tlog
c:\users\loopg\local project\windows management system\debug\windows .a5872fa5.tlog\link.command.1.tlog
c:\users\loopg\local project\windows management system\debug\windows .a5872fa5.tlog\link.read.1.tlog
c:\users\loopg\local project\windows management system\debug\windows .a5872fa5.tlog\link.write.1.tlog
